\BOOKMARK [0][-]{chapter.1}{\376\377\004\022\004\062\004\065\004\064\004\065\004\075\004\070\004\065}{}% 1
\BOOKMARK [0][-]{chapter.2}{\376\377\004\042\004\065\004\076\004\100\004\065\004\102\004\070\004\107\004\065\004\101\004\072\004\070\004\065\000\040\004\101\004\062\004\065\004\064\004\065\004\075\004\070\004\117}{}% 2
\BOOKMARK [1][-]{section.2.1}{\376\377\004\055\004\104\004\104\004\065\004\072\004\102\000\040\004\024\004\066\004\076\004\067\004\065\004\104\004\101\004\076\004\075\004\060}{chapter.2}% 3
\BOOKMARK [2][-]{subsection.2.1.1}{\376\377\004\043\004\100\004\060\004\062\004\075\004\065\004\075\004\070\004\117\000\040\004\024\004\066\004\076\004\067\004\065\004\104\004\101\004\076\004\075\004\060}{section.2.1}% 4
\BOOKMARK [2][-]{subsection.2.1.2}{\376\377\000R\000C\000S\000J\000-\004\074\004\076\004\064\004\065\004\073\004\114}{section.2.1}% 5
\BOOKMARK [2][-]{subsection.2.1.3}{\376\377\004\044\004\060\004\067\004\076\000-\004\077\004\076\004\102\004\076\004\072\004\076\004\062\004\076\004\065\000\040\004\101\004\076\004\076\004\102\004\075\004\076\004\110\004\065\004\075\004\070\004\065}{section.2.1}% 6
\BOOKMARK [1][-]{section.2.2}{\376\377\004\042\004\065\004\076\004\100\004\070\004\117\000\040\004\070\004\067\004\076\004\073\004\070\004\100\004\076\004\062\004\060\004\075\004\075\004\076\004\063\004\076\000\040\004\101\004\062\004\065\004\100\004\105\004\077\004\100\004\076\004\062\004\076\004\064\004\117\004\111\004\065\004\063\004\076\000\040\004\072\004\103\004\061\004\070\004\102\004\060}{chapter.2}% 7
\BOOKMARK [2][-]{subsection.2.2.1}{\376\377\004\037\004\076\004\101\004\102\004\100\004\076\004\065\004\075\004\070\004\065\000\040\004\063\004\060\004\074\004\070\004\073\004\114\004\102\004\076\004\075\004\070\004\060\004\075\004\060}{section.2.2}% 8
\BOOKMARK [2][-]{subsection.2.2.2}{\376\377\004\027\004\060\004\100\004\117\004\064\004\076\004\062\004\113\004\071\000\040\004\072\004\103\004\061\004\070\004\102}{section.2.2}% 9
\BOOKMARK [2][-]{subsection.2.2.3}{\376\377\004\042\004\100\004\060\004\075\004\101\004\074\004\076\004\075}{section.2.2}% 10
\BOOKMARK [1][-]{section.2.3}{\376\377\004\021\004\065\004\067\004\064\004\070\004\101\004\101\004\070\004\077\004\060\004\102\004\070\004\062\004\075\004\060\004\117\000\040\004\064\004\070\004\075\004\060\004\074\004\070\004\072\004\060\000\040\004\102\004\100\004\060\004\075\004\101\004\074\004\076\004\075\004\060}{chapter.2}% 11
\BOOKMARK [2][-]{subsection.2.3.1}{\376\377\004\024\004\070\004\075\004\060\004\074\004\070\004\072\004\060\000\040\004\101\004\062\004\076\004\061\004\076\004\064\004\075\004\076\004\063\004\076\000\040\004\072\004\103\004\061\004\070\004\102\004\060}{section.2.3}% 12
\BOOKMARK [2][-]{subsection.2.3.2}{\376\377\004\022\004\113\004\075\004\103\004\066\004\064\004\065\004\075\004\075\004\076\004\065\000\040\004\077\004\076\004\062\004\065\004\064\004\065\004\075\004\070\004\065\000\040\004\072\004\103\004\061\004\070\004\102\004\060}{section.2.3}% 13
\BOOKMARK [2][-]{subsection.2.3.3}{\376\377\004\037\004\100\004\070\004\061\004\073\004\070\004\066\004\065\004\075\004\070\004\065\000\040\004\062\004\100\004\060\004\111\004\060\004\116\004\111\004\065\004\071\004\101\004\117\000\040\004\062\004\076\004\073\004\075\004\113}{section.2.3}% 14
\BOOKMARK [1][-]{section.2.4}{\376\377\004\024\004\070\004\075\004\060\004\074\004\070\004\072\004\060\000\040\004\102\004\100\004\060\004\075\004\101\004\074\004\076\004\075\004\060\000,\000\040\004\062\004\067\004\060\004\070\004\074\004\076\004\064\004\065\004\071\004\101\004\102\004\062\004\103\004\116\004\111\004\065\004\063\004\076\000\040\004\101\000\040\004\062\004\075\004\065\004\110\004\075\004\065\004\071\000\040\004\101\004\100\004\065\004\064\004\076\004\071}{chapter.2}% 15
\BOOKMARK [2][-]{subsection.2.4.1}{\376\377\004\024\004\070\004\075\004\060\004\074\004\070\004\072\004\060\000\040\004\076\004\102\004\072\004\100\004\113\004\102\004\076\004\071\000\040\004\101\004\100\004\065\004\064\004\113}{section.2.4}% 16
\BOOKMARK [2][-]{subsection.2.4.2}{\376\377\004\040\004\065\004\073\004\060\004\072\004\101\004\060\004\106\004\070\004\117\000\040\004\070\000\040\004\064\004\065\004\104\004\060\004\067\004\070\004\100\004\076\004\062\004\072\004\060\000\040\004\072\004\103\004\061\004\070\004\102\004\060}{section.2.4}% 17
\BOOKMARK [2][-]{subsection.2.4.3}{\376\377\004\022\004\067\004\060\004\070\004\074\004\076\004\064\004\065\004\071\004\101\004\102\004\062\004\070\004\065\000\040\004\101\000\040\004\061\004\076\004\073\004\065\004\065\000\040\004\062\004\113\004\101\004\076\004\072\004\070\004\074\004\070\000\040\004\103\004\100\004\076\004\062\004\075\004\117\004\074\004\070\000\040\004\101\004\070\004\101\004\102\004\065\004\074\004\113}{section.2.4}% 18
\BOOKMARK [1][-]{section.2.5}{\376\377\004\032\004\062\004\060\004\075\004\102\004\076\004\062\004\113\004\065\000\040\004\062\004\065\004\075\004\102\004\070\004\073\004\070\000\040\004\070\000\040\004\070\004\105\000\040\004\100\004\065\004\060\004\073\004\070\004\067\004\060\004\106\004\070\004\070}{chapter.2}% 19
\BOOKMARK [2][-]{subsection.2.5.1}{\376\377\004\032\004\062\004\060\004\075\004\102\004\076\004\062\004\113\004\065\000\040\004\062\004\065\004\075\004\102\004\070\004\073\004\070}{section.2.5}% 20
\BOOKMARK [2][-]{subsection.2.5.2}{\376\377\004\040\004\065\004\060\004\073\004\070\004\067\004\060\004\106\004\070\004\117\000\040\004\076\004\064\004\075\004\076\004\072\004\103\004\061\004\070\004\102\004\075\004\113\004\105\000\040\004\070\004\074\004\077\004\103\004\073\004\114\004\101\004\076\004\062}{section.2.5}% 21
\BOOKMARK [2][-]{subsection.2.5.3}{\376\377\004\040\004\065\004\060\004\073\004\070\004\067\004\060\004\106\004\070\004\117\000\040\004\064\004\062\004\103\004\105\004\072\004\103\004\061\004\070\004\102\004\075\004\113\004\105\000\040\004\070\004\074\004\077\004\103\004\073\004\114\004\101\004\076\004\062}{section.2.5}% 22
\BOOKMARK [0][-]{chapter.3}{\376\377\004\034\004\065\004\102\004\076\004\064\004\113\000\040\004\076\004\077\004\102\004\070\004\074\004\060\004\073\004\114\004\075\004\076\004\063\004\076\000\040\004\072\004\076\004\075\004\102\004\100\004\076\004\073\004\117\000\040\004\070\004\074\004\077\004\103\004\073\004\114\004\101\004\076\004\062}{}% 23
\BOOKMARK [1][-]{section.3.1}{\376\377\004\035\004\065\004\076\004\061\004\105\004\076\004\064\004\070\004\074\004\113\004\065\000\040\004\070\004\075\004\101\004\102\004\100\004\103\004\074\004\065\004\075\004\102\004\113\000\040\004\064\004\073\004\117\000\040\004\074\004\076\004\064\004\065\004\073\004\070\004\100\004\076\004\062\004\060\004\075\004\070\004\117\000\040\004\072\004\062\004\060\004\075\004\102\004\076\004\062\004\113\004\105\000\040\004\062\004\065\004\075\004\102\004\070\004\073\004\065\004\071}{chapter.3}% 24
\BOOKMARK [2][-]{subsection.3.1.1}{\376\377\004\036\004\061\004\111\004\070\004\065\000\040\004\101\004\062\004\065\004\064\004\065\004\075\004\070\004\117\000\040\004\076\000\040\004\074\004\076\004\064\004\065\004\073\004\070\004\100\004\076\004\062\004\060\004\075\004\070\004\070\000\040\004\070\004\074\004\077\004\103\004\073\004\114\004\101\004\076\004\062}{section.3.1}% 25
\BOOKMARK [2][-]{subsection.3.1.2}{\376\377\004\030\004\101\004\077\004\076\004\073\004\114\004\067\004\076\004\062\004\060\004\075\004\070\004\065\000\040\000Q\000u\000T\000i\000P}{section.3.1}% 26
\BOOKMARK [2][-]{subsection.3.1.3}{\376\377\004\037\004\076\004\101\004\073\004\065\004\064\004\076\004\062\004\060\004\102\004\065\004\073\004\114\004\075\004\076\004\101\004\102\004\114\000\040\000A\000P\000E\000\040\000\050\000A\000m\000p\000l\000i\000f\000i\000e\000d\000\040\000P\000h\000a\000s\000e\000\040\000E\000r\000r\000o\000r\000\051}{section.3.1}% 27
\BOOKMARK [2][-]{subsection.3.1.4}{\376\377\004\036\004\106\004\065\004\075\004\072\004\060\000\040\004\102\004\076\004\107\004\075\004\076\004\101\004\102\004\070\000\040\004\062\004\065\004\075\004\102\004\070\004\073\004\065\004\071}{section.3.1}% 28
\BOOKMARK [1][-]{section.3.2}{\376\377\004\041\004\077\004\076\004\101\004\076\004\061\004\113\000\040\004\070\004\101\004\077\004\100\004\060\004\062\004\073\004\065\004\075\004\070\004\117\000\040\004\076\004\110\004\070\004\061\004\076\004\072\000\040\004\070\000\040\004\077\004\076\004\062\004\113\004\110\004\065\004\075\004\070\004\117\000\040\004\102\004\076\004\107\004\075\004\076\004\101\004\102\004\070}{chapter.3}% 29
\BOOKMARK [2][-]{subsection.3.2.1}{\376\377\004\022\004\113\004\061\004\076\004\100\000\040\004\076\004\063\004\070\004\061\004\060\004\116\004\111\004\065\004\071\000\040\004\070\004\074\004\077\004\103\004\073\004\114\004\101\004\060}{section.3.2}% 30
\BOOKMARK [2][-]{subsection.3.2.2}{\376\377\000D\000e\000r\000i\000v\000a\000t\000i\000v\000e\000\040\000R\000e\000m\000o\000v\000a\000l\000\040\000b\000y\000\040\000A\000d\000i\000a\000b\000a\000t\000i\000c\000\040\000G\000a\000t\000e}{section.3.2}% 31
\BOOKMARK [2][-]{subsection.3.2.3}{\376\377\000H\000a\000l\000f\000-\000D\000e\000r\000i\000v\000a\000t\000i\000v\000e}{section.3.2}% 32
\BOOKMARK [2][-]{subsection.3.2.4}{\376\377\000G\000R\000a\000d\000i\000e\000n\000t\000\040\000A\000s\000c\000e\000n\000t\000\040\000P\000u\000l\000s\000e\000\040\000E\000n\000g\000i\000n\000e\000e\000r\000i\000n\000g}{section.3.2}% 33
\BOOKMARK [0][-]{chapter.4}{\376\377\004\040\004\065\004\067\004\103\004\073\004\114\004\102\004\060\004\102\004\113}{}% 34
\BOOKMARK [1][-]{section.4.1}{\376\377\004\034\004\076\004\064\004\065\004\073\004\070\004\100\004\076\004\062\004\060\004\075\004\070\004\065}{chapter.4}% 35
\BOOKMARK [2][-]{subsection.4.1.1}{\376\377\000A\000P\000E}{section.4.1}% 36
\BOOKMARK [1][-]{section.4.2}{\376\377\004\036\004\077\004\102\004\070\004\074\004\070\004\067\004\060\004\106\004\070\004\117}{chapter.4}% 37
\BOOKMARK [0][-]{chapter.5}{\376\377\004\027\004\060\004\072\004\073\004\116\004\107\004\065\004\075\004\070\004\065}{}% 38
\BOOKMARK [1][-]{section.5.1}{\376\377\004\041\004\077\004\070\004\101\004\076\004\072\000\040\004\100\004\065\004\067\004\103\004\073\004\114\004\102\004\060\004\102\004\076\004\062}{chapter.5}% 39
\BOOKMARK [1][-]{section.5.2}{\376\377\004\037\004\073\004\060\004\075\004\113\000\040\004\075\004\060\000\040\004\061\004\103\004\064\004\103\004\111\004\065\004\065}{chapter.5}% 40
\BOOKMARK [1][-]{section.5.3}{\376\377\004\021\004\073\004\060\004\063\004\076\004\064\004\060\004\100\004\075\004\076\004\101\004\102\004\070}{chapter.5}% 41
